app/build/intermediates/manifest_merge_blame_file/debug/manifest-merger-blame-debug-report.txt
1<?xml version="1.0" encoding="utf-8"?>
2<manifest xmlns:android="http://schemas.android.com/apk/res/android"
3    package="com.google.codelab.mlkit"
4    android:versionCode="1"
5    android:versionName="1.0" >
6
7    <uses-sdk
8        android:minSdkVersion="21"
8-->src/main/AndroidManifest.xml
9        android:targetSdkVersion="32" />
9-->src/main/AndroidManifest.xml
10
11    <uses-feature
11-->src/main/AndroidManifest.xml:4:5-6:35
12        android:name="android.hardware.camera.any"
12-->src/main/AndroidManifest.xml:5:9-51
13        android:required="true" />
13-->src/main/AndroidManifest.xml:6:9-32
14
15    <uses-permission android:name="android.permission.CAMERA" />
15-->src/main/AndroidManifest.xml:8:5-65
15-->src/main/AndroidManifest.xml:8:22-62
16    <uses-permission android:name="android.permission.READ_EXTERNAL_STORAGE" />
16-->src/main/AndroidManifest.xml:9:5-80
16-->src/main/AndroidManifest.xml:9:22-77
17    <uses-permission android:name="android.permission.INTERNET" />
17-->src/main/AndroidManifest.xml:10:5-67
17-->src/main/AndroidManifest.xml:10:22-64
18
19    <queries>
19-->[androidx.camera:camera-extensions:1.1.0-beta03] AndroidManifest.xml:24:5-28:15
20        <intent>
20-->[androidx.camera:camera-extensions:1.1.0-beta03] AndroidManifest.xml:25:9-27:18
21            <action android:name="androidx.camera.extensions.action.VENDOR_ACTION" />
21-->[androidx.camera:camera-extensions:1.1.0-beta03] AndroidManifest.xml:26:13-86
21-->[androidx.camera:camera-extensions:1.1.0-beta03] AndroidManifest.xml:26:21-83
22        </intent>
23    </queries> <!-- Although the *SdkVersion is captured in gradle build files, this is required for non gradle builds -->
24    <!-- <uses-sdk android:minSdkVersion="14"/> -->
25    <uses-permission android:name="android.permission.ACCESS_NETWORK_STATE" /> <!-- Permission will be merged into the manifest of the hosting app. -->
25-->[com.google.android.datatransport:transport-backend-cct:2.3.3] AndroidManifest.xml:25:5-79
25-->[com.google.android.datatransport:transport-backend-cct:2.3.3] AndroidManifest.xml:25:22-76
26    <!-- Is required to launch foreground extraction service for targetSdkVersion 28+. -->
27    <uses-permission android:name="android.permission.FOREGROUND_SERVICE" />
27-->[com.google.android.play:core:1.10.0] AndroidManifest.xml:8:3-74
27-->[com.google.android.play:core:1.10.0] AndroidManifest.xml:8:20-72
28
29    <application
29-->src/main/AndroidManifest.xml:12:5-40:19
30        android:allowBackup="true"
30-->src/main/AndroidManifest.xml:13:9-35
31        android:appComponentFactory="androidx.core.app.CoreComponentFactory"
31-->[androidx.core:core:1.7.0] AndroidManifest.xml:24:18-86
32        android:debuggable="true"
33        android:icon="@mipmap/ic_launcher"
33-->src/main/AndroidManifest.xml:14:9-43
34        android:label="@string/app_name"
34-->src/main/AndroidManifest.xml:15:9-41
35        android:roundIcon="@mipmap/ic_launcher_round"
35-->src/main/AndroidManifest.xml:16:9-54
36        android:supportsRtl="true"
36-->src/main/AndroidManifest.xml:17:9-35
37        android:theme="@style/AppTheme" >
37-->src/main/AndroidManifest.xml:18:9-40
38        <activity
38-->src/main/AndroidManifest.xml:19:9-21:40
39            android:name="com.google.codelab.mlkit.camera.CamActivity"
39-->src/main/AndroidManifest.xml:20:13-47
40            android:exported="false" />
40-->src/main/AndroidManifest.xml:21:13-37
41        <activity
41-->src/main/AndroidManifest.xml:22:9-32:20
42            android:name="com.google.codelab.mlkit.MainActivity"
42-->src/main/AndroidManifest.xml:23:13-41
43            android:configChanges="keyboardHidden|orientation|screenSize"
43-->src/main/AndroidManifest.xml:24:13-74
44            android:exported="true"
44-->src/main/AndroidManifest.xml:25:13-36
45            android:screenOrientation="fullSensor" >
45-->src/main/AndroidManifest.xml:26:13-51
46            <intent-filter>
46-->src/main/AndroidManifest.xml:27:13-31:29
47                <action android:name="android.intent.action.MAIN" />
47-->src/main/AndroidManifest.xml:28:17-69
47-->src/main/AndroidManifest.xml:28:25-66
48
49                <category android:name="android.intent.category.LAUNCHER" />
49-->src/main/AndroidManifest.xml:30:17-77
49-->src/main/AndroidManifest.xml:30:27-74
50            </intent-filter>
51        </activity>
52        <activity
52-->src/main/AndroidManifest.xml:33:9-35:59
53            android:name="com.theartofdev.edmodo.cropper.CropImageActivity"
53-->src/main/AndroidManifest.xml:34:13-76
54            android:theme="@style/Base.Theme.AppCompat" />
54-->src/main/AndroidManifest.xml:35:13-56
55
56        <meta-data
56-->src/main/AndroidManifest.xml:37:9-39:35
57            android:name="com.google.mlkit.vision.DEPENDENCIES"
57-->src/main/AndroidManifest.xml:38:13-64
58            android:value="ocr" />
58-->src/main/AndroidManifest.xml:39:13-32
59
60        <provider
60-->[com.squareup.picasso:picasso:2.71828] AndroidManifest.xml:8:9-11:40
61            android:name="com.squareup.picasso.PicassoProvider"
61-->[com.squareup.picasso:picasso:2.71828] AndroidManifest.xml:9:13-64
62            android:authorities="com.google.codelab.mlkit.com.squareup.picasso"
62-->[com.squareup.picasso:picasso:2.71828] AndroidManifest.xml:10:13-72
63            android:exported="false" />
63-->[com.squareup.picasso:picasso:2.71828] AndroidManifest.xml:11:13-37
64
65        <uses-library
65-->[androidx.camera:camera-extensions:1.1.0-beta03] AndroidManifest.xml:31:9-33:40
66            android:name="androidx.camera.extensions.impl"
66-->[androidx.camera:camera-extensions:1.1.0-beta03] AndroidManifest.xml:32:13-59
67            android:required="false" />
67-->[androidx.camera:camera-extensions:1.1.0-beta03] AndroidManifest.xml:33:13-37
68
69        <service
69-->[androidx.camera:camera-camera2:1.1.0-beta03] AndroidManifest.xml:26:9-35:19
70            android:name="androidx.camera.core.impl.MetadataHolderService"
70-->[androidx.camera:camera-camera2:1.1.0-beta03] AndroidManifest.xml:27:13-75
71            android:enabled="false"
71-->[androidx.camera:camera-camera2:1.1.0-beta03] AndroidManifest.xml:28:13-36
72            android:exported="false" >
72-->[androidx.camera:camera-camera2:1.1.0-beta03] AndroidManifest.xml:29:13-37
73            <meta-data
73-->[androidx.camera:camera-camera2:1.1.0-beta03] AndroidManifest.xml:32:13-34:89
74                android:name="androidx.camera.core.impl.MetadataHolderService.DEFAULT_CONFIG_PROVIDER"
74-->[androidx.camera:camera-camera2:1.1.0-beta03] AndroidManifest.xml:33:17-103
75                android:value="androidx.camera.camera2.Camera2Config$DefaultProvider" />
75-->[androidx.camera:camera-camera2:1.1.0-beta03] AndroidManifest.xml:34:17-86
76        </service>
77        <service
77-->[com.google.android.gms:play-services-mlkit-text-recognition-common:17.0.0] AndroidManifest.xml:9:9-15:19
78            android:name="com.google.mlkit.common.internal.MlKitComponentDiscoveryService"
78-->[com.google.android.gms:play-services-mlkit-text-recognition-common:17.0.0] AndroidManifest.xml:10:13-91
79            android:directBootAware="true"
79-->[com.google.mlkit:common:18.1.0] AndroidManifest.xml:17:13-43
80            android:exported="false" >
80-->[com.google.android.gms:play-services-mlkit-text-recognition-common:17.0.0] AndroidManifest.xml:11:13-37
81            <meta-data
81-->[com.google.android.gms:play-services-mlkit-text-recognition-common:17.0.0] AndroidManifest.xml:12:13-14:85
82                android:name="com.google.firebase.components:com.google.mlkit.vision.text.internal.TextRegistrar"
82-->[com.google.android.gms:play-services-mlkit-text-recognition-common:17.0.0] AndroidManifest.xml:13:17-114
83                android:value="com.google.firebase.components.ComponentRegistrar" />
83-->[com.google.android.gms:play-services-mlkit-text-recognition-common:17.0.0] AndroidManifest.xml:14:17-82
84            <meta-data
84-->[com.google.android.gms:play-services-mlkit-face-detection:17.0.1] AndroidManifest.xml:12:13-14:85
85                android:name="com.google.firebase.components:com.google.mlkit.vision.face.internal.FaceRegistrar"
85-->[com.google.android.gms:play-services-mlkit-face-detection:17.0.1] AndroidManifest.xml:13:17-114
86                android:value="com.google.firebase.components.ComponentRegistrar" />
86-->[com.google.android.gms:play-services-mlkit-face-detection:17.0.1] AndroidManifest.xml:14:17-82
87            <meta-data
87-->[com.google.mlkit:vision-common:17.1.0] AndroidManifest.xml:12:13-14:85
88                android:name="com.google.firebase.components:com.google.mlkit.vision.common.internal.VisionCommonRegistrar"
88-->[com.google.mlkit:vision-common:17.1.0] AndroidManifest.xml:13:17-124
89                android:value="com.google.firebase.components.ComponentRegistrar" />
89-->[com.google.mlkit:vision-common:17.1.0] AndroidManifest.xml:14:17-82
90            <meta-data
90-->[com.google.mlkit:playstore-dynamic-feature-support:16.0.0-beta2] AndroidManifest.xml:12:13-14:85
91                android:name="com.google.firebase.components:com.google.mlkit.dynamic.DynamicLoadingRegistrar"
91-->[com.google.mlkit:playstore-dynamic-feature-support:16.0.0-beta2] AndroidManifest.xml:13:17-111
92                android:value="com.google.firebase.components.ComponentRegistrar" />
92-->[com.google.mlkit:playstore-dynamic-feature-support:16.0.0-beta2] AndroidManifest.xml:14:17-82
93            <meta-data
93-->[com.google.mlkit:common:18.1.0] AndroidManifest.xml:20:13-22:85
94                android:name="com.google.firebase.components:com.google.mlkit.common.internal.CommonComponentRegistrar"
94-->[com.google.mlkit:common:18.1.0] AndroidManifest.xml:21:17-120
95                android:value="com.google.firebase.components.ComponentRegistrar" />
95-->[com.google.mlkit:common:18.1.0] AndroidManifest.xml:22:17-82
96        </service>
97
98        <provider
98-->[com.google.mlkit:common:18.1.0] AndroidManifest.xml:9:9-13:38
99            android:name="com.google.mlkit.common.internal.MlKitInitProvider"
99-->[com.google.mlkit:common:18.1.0] AndroidManifest.xml:10:13-78
100            android:authorities="com.google.codelab.mlkit.mlkitinitprovider"
100-->[com.google.mlkit:common:18.1.0] AndroidManifest.xml:11:13-69
101            android:exported="false"
101-->[com.google.mlkit:common:18.1.0] AndroidManifest.xml:12:13-37
102            android:initOrder="99" />
102-->[com.google.mlkit:common:18.1.0] AndroidManifest.xml:13:13-35
103
104        <activity
104-->[com.google.android.gms:play-services-base:18.0.1] AndroidManifest.xml:20:9-22:45
105            android:name="com.google.android.gms.common.api.GoogleApiActivity"
105-->[com.google.android.gms:play-services-base:18.0.1] AndroidManifest.xml:20:19-85
106            android:exported="false"
106-->[com.google.android.gms:play-services-base:18.0.1] AndroidManifest.xml:22:19-43
107            android:theme="@android:style/Theme.Translucent.NoTitleBar" />
107-->[com.google.android.gms:play-services-base:18.0.1] AndroidManifest.xml:21:19-78
108
109        <meta-data
109-->[com.google.android.gms:play-services-basement:18.0.0] AndroidManifest.xml:21:9-23:69
110            android:name="com.google.android.gms.version"
110-->[com.google.android.gms:play-services-basement:18.0.0] AndroidManifest.xml:22:13-58
111            android:value="@integer/google_play_services_version" />
111-->[com.google.android.gms:play-services-basement:18.0.0] AndroidManifest.xml:23:13-66
112
113        <provider
113-->[androidx.emoji2:emoji2:1.0.0] AndroidManifest.xml:26:9-34:20
114            android:name="androidx.startup.InitializationProvider"
114-->[androidx.emoji2:emoji2:1.0.0] AndroidManifest.xml:27:13-67
115            android:authorities="com.google.codelab.mlkit.androidx-startup"
115-->[androidx.emoji2:emoji2:1.0.0] AndroidManifest.xml:28:13-68
116            android:exported="false" >
116-->[androidx.emoji2:emoji2:1.0.0] AndroidManifest.xml:29:13-37
117            <meta-data
117-->[androidx.emoji2:emoji2:1.0.0] AndroidManifest.xml:31:13-33:52
118                android:name="androidx.emoji2.text.EmojiCompatInitializer"
118-->[androidx.emoji2:emoji2:1.0.0] AndroidManifest.xml:32:17-75
119                android:value="androidx.startup" />
119-->[androidx.emoji2:emoji2:1.0.0] AndroidManifest.xml:33:17-49
120            <meta-data
120-->[androidx.lifecycle:lifecycle-process:2.4.0] AndroidManifest.xml:31:13-33:52
121                android:name="androidx.lifecycle.ProcessLifecycleInitializer"
121-->[androidx.lifecycle:lifecycle-process:2.4.0] AndroidManifest.xml:32:17-78
122                android:value="androidx.startup" />
122-->[androidx.lifecycle:lifecycle-process:2.4.0] AndroidManifest.xml:33:17-49
123        </provider>
124
125        <service
125-->[com.google.android.datatransport:transport-backend-cct:2.3.3] AndroidManifest.xml:29:9-35:19
126            android:name="com.google.android.datatransport.runtime.backends.TransportBackendDiscovery"
126-->[com.google.android.datatransport:transport-backend-cct:2.3.3] AndroidManifest.xml:30:13-103
127            android:exported="false" >
127-->[com.google.android.datatransport:transport-backend-cct:2.3.3] AndroidManifest.xml:31:13-37
128            <meta-data
128-->[com.google.android.datatransport:transport-backend-cct:2.3.3] AndroidManifest.xml:32:13-34:39
129                android:name="backend:com.google.android.datatransport.cct.CctBackendFactory"
129-->[com.google.android.datatransport:transport-backend-cct:2.3.3] AndroidManifest.xml:33:17-94
130                android:value="cct" />
130-->[com.google.android.datatransport:transport-backend-cct:2.3.3] AndroidManifest.xml:34:17-36
131        </service>
132        <service
132-->[com.google.android.datatransport:transport-runtime:2.2.6] AndroidManifest.xml:26:9-30:19
133            android:name="com.google.android.datatransport.runtime.scheduling.jobscheduling.JobInfoSchedulerService"
133-->[com.google.android.datatransport:transport-runtime:2.2.6] AndroidManifest.xml:27:13-117
134            android:exported="false"
134-->[com.google.android.datatransport:transport-runtime:2.2.6] AndroidManifest.xml:28:13-37
135            android:permission="android.permission.BIND_JOB_SERVICE" >
135-->[com.google.android.datatransport:transport-runtime:2.2.6] AndroidManifest.xml:29:13-69
136        </service>
137
138        <receiver
138-->[com.google.android.datatransport:transport-runtime:2.2.6] AndroidManifest.xml:32:9-34:40
139            android:name="com.google.android.datatransport.runtime.scheduling.jobscheduling.AlarmManagerSchedulerBroadcastReceiver"
139-->[com.google.android.datatransport:transport-runtime:2.2.6] AndroidManifest.xml:33:13-132
140            android:exported="false" /> <!-- The activities will be merged into the manifest of the hosting app. -->
140-->[com.google.android.datatransport:transport-runtime:2.2.6] AndroidManifest.xml:34:13-37
141        <activity
141-->[com.google.android.play:core:1.10.0] AndroidManifest.xml:12:5-271
142            android:name="com.google.android.play.core.missingsplits.PlayCoreMissingSplitsActivity"
142-->[com.google.android.play:core:1.10.0] AndroidManifest.xml:12:15-102
143            android:enabled="false"
143-->[com.google.android.play:core:1.10.0] AndroidManifest.xml:12:103-126
144            android:exported="false"
144-->[com.google.android.play:core:1.10.0] AndroidManifest.xml:12:127-151
145            android:launchMode="singleInstance"
145-->[com.google.android.play:core:1.10.0] AndroidManifest.xml:12:204-239
146            android:process=":playcore_missing_splits_activity"
146-->[com.google.android.play:core:1.10.0] AndroidManifest.xml:12:152-203
147            android:stateNotNeeded="true" />
147-->[com.google.android.play:core:1.10.0] AndroidManifest.xml:12:240-269
148        <activity
148-->[com.google.android.play:core:1.10.0] AndroidManifest.xml:13:5-226
149            android:name="com.google.android.play.core.common.PlayCoreDialogWrapperActivity"
149-->[com.google.android.play:core:1.10.0] AndroidManifest.xml:13:15-95
150            android:enabled="false"
150-->[com.google.android.play:core:1.10.0] AndroidManifest.xml:13:96-119
151            android:exported="false"
151-->[com.google.android.play:core:1.10.0] AndroidManifest.xml:13:120-144
152            android:stateNotNeeded="true"
152-->[com.google.android.play:core:1.10.0] AndroidManifest.xml:13:145-174
153            android:theme="@style/Theme.PlayCore.Transparent" /> <!-- The services will be merged into the manifest of the hosting app. -->
153-->[com.google.android.play:core:1.10.0] AndroidManifest.xml:13:175-224
154        <service
154-->[com.google.android.play:core:1.10.0] AndroidManifest.xml:16:5-18:15
155            android:name="com.google.android.play.core.assetpacks.AssetPackExtractionService"
155-->[com.google.android.play:core:1.10.0] AndroidManifest.xml:16:14-95
156            android:enabled="false"
156-->[com.google.android.play:core:1.10.0] AndroidManifest.xml:16:96-119
157            android:exported="true" >
157-->[com.google.android.play:core:1.10.0] AndroidManifest.xml:16:120-143
158            <meta-data
158-->[com.google.android.play:core:1.10.0] AndroidManifest.xml:17:7-108
159                android:name="com.google.android.play.core.assetpacks.versionCode"
159-->[com.google.android.play:core:1.10.0] AndroidManifest.xml:17:18-84
160                android:value="11000" />
160-->[com.google.android.play:core:1.10.0] AndroidManifest.xml:17:85-106
161        </service>
162        <service
162-->[com.google.android.play:core:1.10.0] AndroidManifest.xml:19:5-147
163            android:name="com.google.android.play.core.assetpacks.ExtractionForegroundService"
163-->[com.google.android.play:core:1.10.0] AndroidManifest.xml:19:14-96
164            android:enabled="false"
164-->[com.google.android.play:core:1.10.0] AndroidManifest.xml:19:97-120
165            android:exported="false" />
165-->[com.google.android.play:core:1.10.0] AndroidManifest.xml:19:121-145
166    </application>
167
168</manifest>